<?xml version="1.0" encoding="UTF-8"?>
<!-- Generated by org.testng.reporters.JUnitReportReporter -->
<testsuite skipped="0" hostname="DESKTOP-3L9UGKR" name="org.sample.Report" tests="7" failures="0" timestamp="27 Apr 2021 09:15:50 GMT" time="23.100" errors="0">
  <testcase name="testing" time="0.430" classname="org.sample.Report"/>
  <testcase name="Testing1" time="0.536" classname="org.sample.Report"/>
  <testcase name="Testing3" time="1.851" classname="org.sample.Report"/>
  <testcase name="Testing2" time="2.753" classname="org.sample.Report"/>
  <testcase name="Testing6" time="7.354" classname="org.sample.Report"/>
  <testcase name="Testing5" time="5.021" classname="org.sample.Report"/>
  <testcase name="Testing4" time="5.155" classname="org.sample.Report"/>
</testsuite> <!-- org.sample.Report -->
