<?xml version="1.0" encoding="UTF-8"?>
<!-- Generated by org.testng.reporters.JUnitReportReporter -->
<testsuite skipped="0" hostname="DESKTOP-3L9UGKR" name="org.sample.DemoBase" tests="1" failures="0" timestamp="23 Apr 2021 04:47:41 GMT" time="7.449" errors="0">
  <testcase name="demo" time="7.449" classname="org.sample.DemoBase"/>
</testsuite> <!-- org.sample.DemoBase -->
